<?xml version="1.0" encoding="UTF-8"?>
<testsuite xmlns:xsi="http://www.w3.org/2001/XMLSchema-instance" xsi:noNamespaceSchemaLocation="https://maven.apache.org/surefire/maven-surefire-plugin/xsd/surefire-test-report-3.0.xsd" version="3.0" name="net.fhirfactory.dricats.datagrid.databus.notificationbus.NotificationDistributionServiceTest" time="0.13" tests="4" errors="0" skipped="0" failures="0">
  <properties>
[...]
</properties>
  <testcase name="sendMessage_targeted_happyPath_returnsOkAndSendsToDest" classname="net.fhirfactory.dricats.datagrid.databus.notificationbus.NotificationDistributionServiceTest" time="0.112">
    <system-err><![CDATA[[main] INFO net.fhirfactory.dricats.datagrid.notificationbus.NotificationDistributionService - .sendMessage(): Entry, targetAddress -> IPCEndpointAddress{jGroupsAddress=null, addressName=node-1}, messageString -> ping
[main] INFO net.fhirfactory.dricats.datagrid.notificationbus.NotificationDistributionService - .sendMessage(): Sending message to -> IPCEndpointAddress{jGroupsAddress=null, addressName=node-1}
[main] INFO net.fhirfactory.dricats.datagrid.notificationbus.NotificationDistributionService - .sendMessage(): Message Sent!
[main] INFO net.fhirfactory.dricats.datagrid.notificationbus.NotificationDistributionService - .sendMessage(): Exit, result -> net.fhirfactory.dricats.platform.middleware.jgroups.JGroupsTransactionResult@7b420819[resultCode=JGROUPS_TRANSACTION_RESULT_OK,resultMessage=Message Sent!,timestamp=2025-09-19T21:24:52.381678]
]]></system-err>
  </testcase>
  <testcase name="sendMessage_whenChannelThrows_returnsFailed" classname="net.fhirfactory.dricats.datagrid.databus.notificationbus.NotificationDistributionServiceTest" time="0.005"/>
  <testcase name="sendMessage_whenEmpty_returnsFailed" classname="net.fhirfactory.dricats.datagrid.databus.notificationbus.NotificationDistributionServiceTest" time="0.004"/>
  <testcase name="sendMessage_broadcast_happyPath_returnsOkAndSends" classname="net.fhirfactory.dricats.datagrid.databus.notificationbus.NotificationDistributionServiceTest" time="0.005"/>
</testsuite>